<?xml version="1.0" encoding="UTF-8"?>
<testng-results ignored="0" total="2" passed="2" failed="0" skipped="0">
  <reporter-output>
  </reporter-output>
  <suite started-at="2024-03-06T08:09:28 IST" name="Suite" finished-at="2024-03-06T08:09:37 IST" duration-ms="8756">
    <groups>
      <group name="cucumber">
        <method signature="AbstractTestNGCucumberTests.runScenario(io.cucumber.testng.PickleWrapper,io.cucumber.testng.FeatureWrapper)[pri:0, instance:Test.TestRunner@45752059]" name="runScenario" class="io.cucumber.testng.AbstractTestNGCucumberTests"/>
      </group> <!-- cucumber -->
    </groups>
    <test started-at="2024-03-06T08:09:28 IST" name="Test" finished-at="2024-03-06T08:09:37 IST" duration-ms="8756">
      <class name="Test.TestRunner">
        <test-method is-config="true" signature="setUpClass(org.testng.ITestContext)[pri:0, instance:Test.TestRunner@45752059]" started-at="2024-03-06T08:09:28 IST" name="setUpClass" finished-at="2024-03-06T08:09:29 IST" duration-ms="547" status="PASS">
          <params>
            <param index="0">
              <value>
                <![CDATA[org.testng.TestRunner@14ac77b9]]>
              </value>
            </param>
          </params>
          <reporter-output>
          </reporter-output>
        </test-method> <!-- setUpClass -->
        <test-method signature="runScenario(io.cucumber.testng.PickleWrapper,io.cucumber.testng.FeatureWrapper)[pri:0, instance:Test.TestRunner@45752059]" started-at="2024-03-06T08:09:29 IST" name="runScenario" description="Runs Cucumber Scenarios" data-provider="scenarios" finished-at="2024-03-06T08:09:32 IST" duration-ms="3320" status="PASS">
          <params>
            <param index="0">
              <value>
                <![CDATA["User opens Google"]]>
              </value>
            </param>
            <param index="1">
              <value>
                <![CDATA["Google"]]>
              </value>
            </param>
          </params>
          <reporter-output>
          </reporter-output>
        </test-method> <!-- runScenario -->
        <test-method signature="runScenario(io.cucumber.testng.PickleWrapper,io.cucumber.testng.FeatureWrapper)[pri:0, instance:Test.TestRunner@45752059]" started-at="2024-03-06T08:09:32 IST" name="runScenario" description="Runs Cucumber Scenarios" data-provider="scenarios" finished-at="2024-03-06T08:09:37 IST" duration-ms="4749" status="PASS">
          <params>
            <param index="0">
              <value>
                <![CDATA["User opens Youtube"]]>
              </value>
            </param>
            <param index="1">
              <value>
                <![CDATA["Youtube"]]>
              </value>
            </param>
          </params>
          <reporter-output>
          </reporter-output>
        </test-method> <!-- runScenario -->
        <test-method is-config="true" signature="tearDownClass()[pri:0, instance:Test.TestRunner@45752059]" started-at="2024-03-06T08:09:37 IST" name="tearDownClass" finished-at="2024-03-06T08:09:37 IST" duration-ms="93" status="PASS">
          <reporter-output>
          </reporter-output>
        </test-method> <!-- tearDownClass -->
      </class> <!-- Test.TestRunner -->
    </test> <!-- Test -->
  </suite> <!-- Suite -->
</testng-results>
